<?xml version="1.0" encoding="UTF-8"?>
<coverage generated="1626131603574" clover="3.2.0">
  <project timestamp="1626131603574" name="All files">
    <metrics statements="21" coveredstatements="21" conditionals="0" coveredconditionals="0" methods="0" coveredmethods="0" elements="21" coveredelements="21" complexity="0" loc="21" ncloc="21" packages="1" files="5" classes="5"/>
    <file name="db.js" path="C:\Users\Trujli8\Desktop\Assignments\sequelize-practice-restaurant\src\db.js">
      <metrics statements="3" coveredstatements="3" conditionals="0" coveredconditionals="0" methods="0" coveredmethods="0"/>
      <line num="1" count="1" type="stmt"/>
      <line num="5" count="1" type="stmt"/>
      <line num="13" count="1" type="stmt"/>
    </file>
    <file name="index.js" path="C:\Users\Trujli8\Desktop\Assignments\sequelize-practice-restaurant\src\index.js">
      <metrics statements="9" coveredstatements="9" conditionals="0" coveredconditionals="0" methods="0" coveredmethods="0"/>
      <line num="1" count="1" type="stmt"/>
      <line num="3" count="1" type="stmt"/>
      <line num="4" count="1" type="stmt"/>
      <line num="5" count="1" type="stmt"/>
      <line num="9" count="1" type="stmt"/>
      <line num="10" count="1" type="stmt"/>
      <line num="11" count="1" type="stmt"/>
      <line num="12" count="1" type="stmt"/>
      <line num="14" count="1" type="stmt"/>
    </file>
    <file name="menu.js" path="C:\Users\Trujli8\Desktop\Assignments\sequelize-practice-restaurant\src\menu.js">
      <metrics statements="3" coveredstatements="3" conditionals="0" coveredconditionals="0" methods="0" coveredmethods="0"/>
      <line num="1" count="1" type="stmt"/>
      <line num="7" count="1" type="stmt"/>
      <line num="14" count="1" type="stmt"/>
    </file>
    <file name="menuitem.js" path="C:\Users\Trujli8\Desktop\Assignments\sequelize-practice-restaurant\src\menuitem.js">
      <metrics statements="3" coveredstatements="3" conditionals="0" coveredconditionals="0" methods="0" coveredmethods="0"/>
      <line num="1" count="1" type="stmt"/>
      <line num="7" count="1" type="stmt"/>
      <line num="15" count="1" type="stmt"/>
    </file>
    <file name="restaurant.js" path="C:\Users\Trujli8\Desktop\Assignments\sequelize-practice-restaurant\src\restaurant.js">
      <metrics statements="3" coveredstatements="3" conditionals="0" coveredconditionals="0" methods="0" coveredmethods="0"/>
      <line num="1" count="1" type="stmt"/>
      <line num="7" count="1" type="stmt"/>
      <line num="15" count="1" type="stmt"/>
    </file>
  </project>
</coverage>
