{"C:\\Users\\Trujli8\\Desktop\\Assignments\\sequelize-practice-restaurant\\src\\db.js": {"path":"C:\\Users\\Trujli8\\Desktop\\Assignments\\sequelize-practice-restaurant\\src\\db.js","statementMap":{"0":{"start":{"line":1,"column":38},"end":{"line":1,"column":58}},"1":{"start":{"line":5,"column":18},"end":{"line":9,"column":3}},"2":{"start":{"line":13,"column":0},"end":{"line":13,"column":47}}},"fnMap":{},"branchMap":{},"s":{"0":1,"1":1,"2":1},"f":{},"b":{},"_coverageSchema":"1a1c01bbd47fc00a2c39e90264f33305004495a9","hash":"91b33019ac1ff8d3b84504f29b502cee944e08f2"}
,"C:\\Users\\Trujli8\\Desktop\\Assignments\\sequelize-practice-restaurant\\src\\index.js": {"path":"C:\\Users\\Trujli8\\Desktop\\Assignments\\sequelize-practice-restaurant\\src\\index.js","statementMap":{"0":{"start":{"line":1,"column":38},"end":{"line":1,"column":53}},"1":{"start":{"line":3,"column":23},"end":{"line":3,"column":51}},"2":{"start":{"line":4,"column":17},"end":{"line":4,"column":39}},"3":{"start":{"line":5,"column":21},"end":{"line":5,"column":47}},"4":{"start":{"line":9,"column":0},"end":{"line":9,"column":25}},"5":{"start":{"line":10,"column":0},"end":{"line":10,"column":27}},"6":{"start":{"line":11,"column":0},"end":{"line":11,"column":23}},"7":{"start":{"line":12,"column":0},"end":{"line":12,"column":25}},"8":{"start":{"line":14,"column":0},"end":{"line":14,"column":46}}},"fnMap":{},"branchMap":{},"s":{"0":1,"1":1,"2":1,"3":1,"4":1,"5":1,"6":1,"7":1,"8":1},"f":{},"b":{},"_coverageSchema":"1a1c01bbd47fc00a2c39e90264f33305004495a9","hash":"69cf4be788512798ec545deaa1b3e2b973ddac81"}
,"C:\\Users\\Trujli8\\Desktop\\Assignments\\sequelize-practice-restaurant\\src\\menu.js": {"path":"C:\\Users\\Trujli8\\Desktop\\Assignments\\sequelize-practice-restaurant\\src\\menu.js","statementMap":{"0":{"start":{"line":1,"column":38},"end":{"line":1,"column":53}},"1":{"start":{"line":7,"column":0},"end":{"line":12,"column":3}},"2":{"start":{"line":14,"column":0},"end":{"line":14,"column":26}}},"fnMap":{},"branchMap":{},"s":{"0":1,"1":1,"2":1},"f":{},"b":{},"_coverageSchema":"1a1c01bbd47fc00a2c39e90264f33305004495a9","hash":"88866cff37a3d09be5ed5946ae73bbe0a4755ddf"}
,"C:\\Users\\Trujli8\\Desktop\\Assignments\\sequelize-practice-restaurant\\src\\menuitem.js": {"path":"C:\\Users\\Trujli8\\Desktop\\Assignments\\sequelize-practice-restaurant\\src\\menuitem.js","statementMap":{"0":{"start":{"line":1,"column":38},"end":{"line":1,"column":53}},"1":{"start":{"line":7,"column":0},"end":{"line":13,"column":3}},"2":{"start":{"line":15,"column":0},"end":{"line":15,"column":30}}},"fnMap":{},"branchMap":{},"s":{"0":1,"1":1,"2":1},"f":{},"b":{},"_coverageSchema":"1a1c01bbd47fc00a2c39e90264f33305004495a9","hash":"799be1820d0e077dbc3aeb3dca2be2738fe462de"}
,"C:\\Users\\Trujli8\\Desktop\\Assignments\\sequelize-practice-restaurant\\src\\restaurant.js": {"path":"C:\\Users\\Trujli8\\Desktop\\Assignments\\sequelize-practice-restaurant\\src\\restaurant.js","statementMap":{"0":{"start":{"line":1,"column":38},"end":{"line":1,"column":53}},"1":{"start":{"line":7,"column":0},"end":{"line":13,"column":3}},"2":{"start":{"line":15,"column":0},"end":{"line":15,"column":32}}},"fnMap":{},"branchMap":{},"s":{"0":1,"1":1,"2":1},"f":{},"b":{},"_coverageSchema":"1a1c01bbd47fc00a2c39e90264f33305004495a9","hash":"d0e001947eac10b1a2b53dfa5209179c338772c2"}
}
